2023-06-24 08:29:32,999:WARNING:
'cuml' is a soft dependency and not included in the pycaret installation. Please run: `pip install cuml` to install.
2023-06-24 08:29:32,999:WARNING:
'cuml' is a soft dependency and not included in the pycaret installation. Please run: `pip install cuml` to install.
2023-06-24 08:29:32,999:WARNING:
'cuml' is a soft dependency and not included in the pycaret installation. Please run: `pip install cuml` to install.
2023-06-24 08:29:32,999:WARNING:
'cuml' is a soft dependency and not included in the pycaret installation. Please run: `pip install cuml` to install.
2023-06-24 08:29:35,336:WARNING:
'prophet' is a soft dependency and not included in the pycaret installation. Please run: `pip install prophet` to install.
2023-06-24 08:29:36,719:INFO:Initializing load_model()
2023-06-24 08:29:36,719:INFO:load_model(model_name=insurance_model, platform=None, authentication=None, verbose=True)
2023-06-24 08:31:07,758:WARNING:
'cuml' is a soft dependency and not included in the pycaret installation. Please run: `pip install cuml` to install.
2023-06-24 08:31:07,758:WARNING:
'cuml' is a soft dependency and not included in the pycaret installation. Please run: `pip install cuml` to install.
2023-06-24 08:31:07,758:WARNING:
'cuml' is a soft dependency and not included in the pycaret installation. Please run: `pip install cuml` to install.
2023-06-24 08:31:07,758:WARNING:
'cuml' is a soft dependency and not included in the pycaret installation. Please run: `pip install cuml` to install.
2023-06-24 08:31:08,884:WARNING:
'prophet' is a soft dependency and not included in the pycaret installation. Please run: `pip install prophet` to install.
2023-06-24 08:31:09,693:INFO:Initializing load_model()
2023-06-24 08:31:09,693:INFO:load_model(model_name=insurance_model, platform=None, authentication=None, verbose=True)
2023-06-24 08:42:38,948:WARNING:
'cuml' is a soft dependency and not included in the pycaret installation. Please run: `pip install cuml` to install.
2023-06-24 08:42:38,948:WARNING:
'cuml' is a soft dependency and not included in the pycaret installation. Please run: `pip install cuml` to install.
2023-06-24 08:42:38,948:WARNING:
'cuml' is a soft dependency and not included in the pycaret installation. Please run: `pip install cuml` to install.
2023-06-24 08:42:38,948:WARNING:
'cuml' is a soft dependency and not included in the pycaret installation. Please run: `pip install cuml` to install.
2023-06-24 08:42:40,105:WARNING:
'prophet' is a soft dependency and not included in the pycaret installation. Please run: `pip install prophet` to install.
2023-06-24 08:42:41,125:INFO:Initializing load_model()
2023-06-24 08:42:41,125:INFO:load_model(model_name=insurance_model, platform=None, authentication=None, verbose=True)
2023-06-24 08:42:41,142:WARNING:C:\Users\acer\OneDrive\Desktop\Web App\venv\Lib\site-packages\pycaret\internal\pipeline.py:135: UserWarning: Version mismatch:
current: {'deps_info': {'pip': '22.3.1', 'setuptools': '65.5.1', 'pycaret': '3.0.0rc9', 'IPython': '8.14.0', 'ipywidgets': '8.0.6', 'tqdm': '4.65.0', 'numpy': '1.24.3', 'pandas': '1.5.3', 'jinja2': '3.1.2', 'scipy': '1.10.1', 'joblib': '1.2.0', 'sklearn': '1.2.2', 'pyod': '1.0.9', 'imblearn': '0.10.1', 'category_encoders': '2.6.1', 'lightgbm': '3.3.5', 'numba': '0.57.1', 'requests': '2.31.0', 'matplotlib': '3.7.1', 'scikitplot': '0.3.7', 'yellowbrick': '1.5', 'plotly': '5.15.0', 'kaleido': '0.2.1', 'statsmodels': '0.14.0', 'sktime': '0.19.2', 'tbats': '1.1.3', 'pmdarima': '2.0.3', 'psutil': '5.9.5'}, 'python': {'version': '3.11.2', 'machine': 'AMD64'}}
pickle: {'deps_info': {'pip': '23.1.2', 'setuptools': '67.7.2', 'pycaret': '3.0.2', 'IPython': '7.34.0', 'ipywidgets': '7.7.1', 'tqdm': '4.65.0', 'numpy': '1.22.4', 'pandas': '1.5.3', 'jinja2': '3.1.2', 'scipy': '1.10.1', 'joblib': '1.2.0', 'sklearn': '1.2.2', 'pyod': '1.0.9', 'imblearn': '0.10.1', 'category_encoders': '2.6.1', 'lightgbm': '3.3.5', 'numba': '0.56.4', 'requests': '2.27.1', 'matplotlib': '3.7.1', 'scikitplot': '0.3.7', 'yellowbrick': '1.5', 'plotly': '5.13.1', 'kaleido': '0.2.1', 'statsmodels': '0.13.5', 'sktime': '0.17.0', 'tbats': '1.1.3', 'pmdarima': '2.0.3', 'psutil': '5.9.5'}, 'python': {'version': '3.10.12', 'machine': 'x86_64'}}
  warnings.warn(

